<?xml version="1.0" encoding="UTF-8"?>
<!-- Generated by org.testng.reporters.JUnitReportReporter -->
<testsuite hostname="IMCHLT016" name="test.service.ServiceFilter" tests="13" failures="0" timestamp="6 Mar 2017 10:16:47 GMT" time="270.485" errors="0">
  <testcase name="Fi_Se_11" time="20.574" classname="test.service.ServiceFilter"/>
  <testcase name="Fi_Se_08" time="15.410" classname="test.service.ServiceFilter"/>
  <testcase name="Fi_Se_09" time="16.922" classname="test.service.ServiceFilter"/>
  <testcase name="Fi_Se_03" time="16.521" classname="test.service.ServiceFilter"/>
  <testcase name="Fi_Se_10" time="15.027" classname="test.service.ServiceFilter"/>
  <testcase name="Fi_Se_23" time="17.283" classname="test.service.ServiceFilter"/>
  <testcase name="Fi_Se_25" time="23.190" classname="test.service.ServiceFilter"/>
  <testcase name="Fi_Se_05" time="24.935" classname="test.service.ServiceFilter"/>
  <testcase name="Fi_Se_02" time="14.880" classname="test.service.ServiceFilter"/>
  <testcase name="Fi_Se_01" time="27.013" classname="test.service.ServiceFilter"/>
  <testcase name="Fi_Se_04" time="13.586" classname="test.service.ServiceFilter"/>
  <testcase name="Fi_Se_12" time="47.384" classname="test.service.ServiceFilter"/>
  <testcase name="Fi_Se_06" time="17.760" classname="test.service.ServiceFilter"/>
</testsuite> <!-- test.service.ServiceFilter -->
