<?xml version="1.0" encoding="UTF-8"?>
<!-- Generated by org.testng.reporters.JUnitReportReporter -->
<testsuite hostname="IMCHLT016" name="test.admin.TablesBuyGroup" tests="4" failures="0" timestamp="6 Mar 2017 10:16:47 GMT" time="115.058" errors="0">
  <testcase name="Ad_Tb_BuG_01" time="53.273" classname="test.admin.TablesBuyGroup"/>
  <testcase name="Ad_Tb_BuG_03" time="15.424" classname="test.admin.TablesBuyGroup"/>
  <testcase name="Ad_Tb_BuG_02" time="18.552" classname="test.admin.TablesBuyGroup"/>
  <testcase name="Ad_Tb_BuG_04" time="27.809" classname="test.admin.TablesBuyGroup"/>
</testsuite> <!-- test.admin.TablesBuyGroup -->
