<?xml version="1.0" encoding="UTF-8"?>
<!-- Generated by org.testng.reporters.JUnitReportReporter -->
<testsuite hostname="IMCHLT016" name="test.admin.PDFTemplates" tests="3" failures="0" timestamp="6 Mar 2017 10:16:46 GMT" time="118.498" errors="0">
  <testcase name="Ad_Pdf_Tp_03" time="12.552" classname="test.admin.PDFTemplates"/>
  <testcase name="Ad_Pdf_Tp_02" time="36.074" classname="test.admin.PDFTemplates"/>
  <testcase name="Ad_Pdf_Tp_01" time="69.872" classname="test.admin.PDFTemplates"/>
</testsuite> <!-- test.admin.PDFTemplates -->
