<?xml version="1.0" encoding="UTF-8"?>
<!-- Generated by org.testng.reporters.JUnitReportReporter -->
<testsuite hostname="IMCHLT016" name="test.admin.TablesTownship" tests="5" failures="0" timestamp="6 Mar 2017 10:16:47 GMT" time="233.651" errors="0">
  <testcase name="Ad_Tb_To_06" time="104.364" classname="test.admin.TablesTownship"/>
  <testcase name="Ad_Tb_To_02" time="20.667" classname="test.admin.TablesTownship"/>
  <testcase name="Ad_Tb_To_04" time="20.656" classname="test.admin.TablesTownship"/>
  <testcase name="Ad_Tb_To_01" time="61.757" classname="test.admin.TablesTownship"/>
  <testcase name="Ad_Tb_To_03" time="26.207" classname="test.admin.TablesTownship"/>
</testsuite> <!-- test.admin.TablesTownship -->
