<?xml version="1.0" encoding="UTF-8"?>
<!-- Generated by org.testng.reporters.JUnitReportReporter -->
<testsuite hostname="IMCHLT016" name="test.inspect.InspectSelectRoute" tests="2" failures="0" timestamp="6 Mar 2017 10:16:46 GMT" time="44.829" errors="0">
  <testcase name="Sr_In_02" time="29.862" classname="test.inspect.InspectSelectRoute"/>
  <testcase name="Sr_In_01" time="14.967" classname="test.inspect.InspectSelectRoute"/>
</testsuite> <!-- test.inspect.InspectSelectRoute -->
