<?xml version="1.0" encoding="UTF-8"?>
<!-- Generated by org.testng.reporters.JUnitReportReporter -->
<testsuite hostname="IMCHLT016" name="test.service.ServiceSearch" tests="5" failures="0" timestamp="6 Mar 2017 10:16:47 GMT" time="112.070" errors="0">
  <testcase name="Se_Se_12" time="27.401" classname="test.service.ServiceSearch"/>
  <testcase name="Se_Se_03" time="28.739" classname="test.service.ServiceSearch"/>
  <testcase name="Se_Se_04" time="11.843" classname="test.service.ServiceSearch"/>
  <testcase name="Se_Se_01" time="27.431" classname="test.service.ServiceSearch"/>
  <testcase name="Se_Se_02" time="16.656" classname="test.service.ServiceSearch"/>
</testsuite> <!-- test.service.ServiceSearch -->
