<?xml version="1.0" encoding="UTF-8"?>
<!-- Generated by org.testng.reporters.JUnitReportReporter -->
<testsuite hostname="IMCHLT016" name="test.admin.TablesCounty" tests="6" failures="0" timestamp="6 Mar 2017 10:16:47 GMT" time="303.553" errors="0">
  <testcase name="Ad_Tb_Co_04" time="27.608" classname="test.admin.TablesCounty"/>
  <testcase name="Ad_Tb_Co_01" time="82.000" classname="test.admin.TablesCounty"/>
  <testcase name="Ad_Tb_Co_02" time="17.684" classname="test.admin.TablesCounty"/>
  <testcase name="Ad_Tb_Co_03" time="55.335" classname="test.admin.TablesCounty"/>
  <testcase name="Ad_Tb_Co_06" time="102.268" classname="test.admin.TablesCounty"/>
  <testcase name="Ad_Tb_Co_05" time="18.658" classname="test.admin.TablesCounty"/>
</testsuite> <!-- test.admin.TablesCounty -->
