<?xml version="1.0" encoding="UTF-8"?>
<!-- Generated by org.testng.reporters.JUnitReportReporter -->
<testsuite hostname="IMCHLT016" name="test.admin.TablesBuyer" tests="4" failures="0" timestamp="6 Mar 2017 10:16:47 GMT" time="155.787" errors="0">
  <testcase name="Ad_Tb_Bu_04" time="28.922" classname="test.admin.TablesBuyer"/>
  <testcase name="Ad_Tb_Bu_02" time="16.027" classname="test.admin.TablesBuyer"/>
  <testcase name="Ad_Tb_Bu_01" time="78.784" classname="test.admin.TablesBuyer"/>
  <testcase name="Ad_Tb_Bu_03" time="32.054" classname="test.admin.TablesBuyer"/>
</testsuite> <!-- test.admin.TablesBuyer -->
