<?xml version="1.0" encoding="UTF-8"?>
<!-- Generated by org.testng.reporters.JUnitReportReporter -->
<testsuite hostname="IMCHLT016" name="test.buy.BuySearch" tests="6" failures="0" timestamp="6 Mar 2017 10:16:47 GMT" time="153.805" errors="0">
  <testcase name="Se_Bu_04" time="16.216" classname="test.buy.BuySearch"/>
  <testcase name="Se_Bu_02" time="25.771" classname="test.buy.BuySearch"/>
  <testcase name="Se_Bu_01" time="12.904" classname="test.buy.BuySearch"/>
  <testcase name="Se_Bu_12" time="45.600" classname="test.buy.BuySearch"/>
  <testcase name="Se_Bu_03" time="19.623" classname="test.buy.BuySearch"/>
  <testcase name="Se_Bu_05" time="33.691" classname="test.buy.BuySearch"/>
</testsuite> <!-- test.buy.BuySearch -->
