<?xml version="1.0" encoding="UTF-8"?>
<!-- Generated by org.testng.reporters.JUnitReportReporter -->
<testsuite hostname="PTBLR11945" name="test.buy.BuyLinks" tests="1" failures="0" timestamp="16 Feb 2017 06:08:54 GMT" time="74.826" errors="0">
  <testcase name="Li_Bu_01" time="74.826" classname="test.buy.BuyLinks"/>
</testsuite> <!-- test.buy.BuyLinks -->
