<?xml version="1.0" encoding="UTF-8"?>
<!-- Generated by org.testng.reporters.JUnitReportReporter -->
<testsuite hostname="PTBLR11945" name="test.buy.SearchBuy" tests="2" failures="0" timestamp="21 Nov 2016 09:27:03 GMT" time="124.212" errors="0">
  <testcase name="Se_Bu_11" time="74.646" classname="test.buy.SearchBuy"/>
  <testcase name="Se_Bu_10" time="49.566" classname="test.buy.SearchBuy"/>
</testsuite> <!-- test.buy.SearchBuy -->
