<?xml version="1.0" encoding="UTF-8"?>
<!-- Generated by org.testng.reporters.JUnitReportReporter -->
<testsuite hostname="IMCHLT016" name="test.buy.BuySelect" tests="2" failures="0" timestamp="6 Mar 2017 10:16:47 GMT" time="116.174" errors="0">
  <testcase name="Sl_Bu_01" time="32.498" classname="test.buy.BuySelect"/>
  <testcase name="Sl_Bu_05" time="83.676" classname="test.buy.BuySelect"/>
</testsuite> <!-- test.buy.BuySelect -->
