<?xml version="1.0" encoding="UTF-8"?>
<!-- Generated by org.testng.reporters.JUnitReportReporter -->
<testsuite hostname="IMCHLT016" name="test.ATMScenarios.SFDCaccountcreation" tests="2" failures="0" timestamp="23 Apr 2017 07:15:36 GMT" time="397.332" errors="0">
  <testcase name="Merge_3_Accounts_01" time="371.419" classname="test.ATMScenarios.SFDCaccountcreation"/>
  <testcase name="Merge_3_Accounts_02" time="25.913" classname="test.ATMScenarios.SFDCaccountcreation"/>
</testsuite> <!-- test.ATMScenarios.SFDCaccountcreation -->
