<?xml version="1.0" encoding="UTF-8"?>
<!-- Generated by org.testng.reporters.JUnitReportReporter -->
<testsuite hostname="IMCHLT016" name="test.inspect.InspectSelectPin" tests="3" failures="0" timestamp="6 Mar 2017 10:16:47 GMT" time="220.805" errors="0">
  <testcase name="Sp_In_02" time="27.890" classname="test.inspect.InspectSelectPin"/>
  <testcase name="Sp_In_03" time="135.965" classname="test.inspect.InspectSelectPin"/>
  <testcase name="Sp_In_01" time="56.950" classname="test.inspect.InspectSelectPin"/>
</testsuite> <!-- test.inspect.InspectSelectPin -->
