<?xml version="1.0" encoding="UTF-8"?>
<!-- Generated by org.testng.reporters.JUnitReportReporter -->
<testsuite hostname="IMCHLT016" name="test.service.ServiceSelect" tests="2" failures="0" timestamp="6 Mar 2017 10:16:47 GMT" time="159.454" errors="0">
  <testcase name="Sl_Se_01" time="64.555" classname="test.service.ServiceSelect"/>
  <testcase name="Sl_Se_04" time="94.899" classname="test.service.ServiceSelect"/>
</testsuite> <!-- test.service.ServiceSelect -->
