<?xml version="1.0" encoding="UTF-8"?>
<!-- Generated by org.testng.reporters.JUnitReportReporter -->
<testsuite hostname="IMCHLT016" name="test.admin.TablesStates" tests="7" failures="0" timestamp="6 Mar 2017 10:16:47 GMT" time="276.977" errors="0">
  <testcase name="Ad_Tb_St_06" time="6.489" classname="test.admin.TablesStates"/>
  <testcase name="Ad_Tb_St_02" time="19.722" classname="test.admin.TablesStates"/>
  <testcase name="Ad_Tb_St_01" time="65.684" classname="test.admin.TablesStates"/>
  <testcase name="Ad_Tb_St_04" time="29.534" classname="test.admin.TablesStates"/>
  <testcase name="Ad_Tb_St_03" time="15.913" classname="test.admin.TablesStates"/>
  <testcase name="Ad_Tb_St_05" time="19.761" classname="test.admin.TablesStates"/>
  <testcase name="Ad_Tb_St_07" time="119.874" classname="test.admin.TablesStates"/>
</testsuite> <!-- test.admin.TablesStates -->
