<?xml version="1.0" encoding="UTF-8"?>
<!-- Generated by org.testng.reporters.JUnitReportReporter -->
<testsuite hostname="IMCHLT016" name="test.buy.BuyPropertyInfo" tests="3" failures="0" timestamp="6 Mar 2017 10:16:47 GMT" time="75.976" errors="0">
  <testcase name="PI_Bu_02" time="23.080" classname="test.buy.BuyPropertyInfo"/>
  <testcase name="PI_Bu_03" time="10.117" classname="test.buy.BuyPropertyInfo"/>
  <testcase name="PI_Bu_01" time="42.779" classname="test.buy.BuyPropertyInfo"/>
</testsuite> <!-- test.buy.BuyPropertyInfo -->
