<?xml version="1.0" encoding="UTF-8"?>
<!-- Generated by org.testng.reporters.JUnitReportReporter -->
<testsuite hostname="IMCHLT016" name="test.loginScenario.LoginTC" tests="1" failures="0" timestamp="9 Apr 2017 05:55:21 GMT" time="37.885" errors="0">
  <testcase name="Lo_Lo_02" time="37.885" classname="test.loginScenario.LoginTC"/>
</testsuite> <!-- test.loginScenario.LoginTC -->
