<?xml version="1.0" encoding="UTF-8"?>
<!-- Generated by org.testng.reporters.JUnitReportReporter -->
<testsuite hostname="IMCHLT016" name="test.admin.TablesPartyAgent" tests="3" failures="0" timestamp="6 Mar 2017 10:16:47 GMT" time="103.285" errors="0">
  <testcase name="Ad_Tb_PA_02" time="21.050" classname="test.admin.TablesPartyAgent"/>
  <testcase name="Ad_Tb_PA_03" time="20.604" classname="test.admin.TablesPartyAgent"/>
  <testcase name="Ad_Tb_PA_01" time="61.631" classname="test.admin.TablesPartyAgent"/>
</testsuite> <!-- test.admin.TablesPartyAgent -->
