<?xml version="1.0" encoding="UTF-8"?>
<!-- Generated by org.testng.reporters.JUnitReportReporter -->
<testsuite hostname="IMCHLT016" name="test.loginScenario.LoginTC" tests="2" failures="0" timestamp="9 Apr 2017 16:04:07 GMT" time="97.174" errors="0">
  <testcase name="Lo_Lo_02" time="61.867" classname="test.loginScenario.LoginTC"/>
  <testcase name="Lo_Lo_01" time="35.307" classname="test.loginScenario.LoginTC"/>
</testsuite> <!-- test.loginScenario.LoginTC -->
