<?xml version="1.0" encoding="UTF-8"?>
<!-- Generated by org.testng.reporters.JUnitReportReporter -->
<testsuite hostname="IMCHLT016" name="test.ATMScenarios.SFDCaccountcreation" tests="5" failures="0" timestamp="12 Apr 2017 06:01:44 GMT" time="160.523" errors="0">
  <testcase name="CreateAcc_SFDC_02" time="5.953" classname="test.ATMScenarios.SFDCaccountcreation"/>
  <testcase name="CreateAcc_SFDC_04" time="20.867" classname="test.ATMScenarios.SFDCaccountcreation"/>
  <testcase name="CreateAcc_SFDC_01" time="91.849" classname="test.ATMScenarios.SFDCaccountcreation"/>
  <testcase name="CreateAcc_SFDC_03" time="24.353" classname="test.ATMScenarios.SFDCaccountcreation"/>
  <testcase name="CreateAcc_SFDC_05" time="17.501" classname="test.ATMScenarios.SFDCaccountcreation"/>
</testsuite> <!-- test.ATMScenarios.SFDCaccountcreation -->
